<?xml version="1.0" encoding="UTF-8"?>
<!--
  ~ Copyright (c) 2016. . The Km2Labs Project
  ~ Licensed under the Apache License, Version 2.0 (the "License");
  ~ you may not use this file except in compliance with the License.
  ~ You may obtain a copy of the License at
  ~
  ~      http://www.apache.org/licenses/LICENSE-2.0
  ~
  ~ Unless required by applicable law or agreed to in writing, software
  ~ distributed under the License is distributed on an "AS IS" BASIS,
  ~ WITHOUT WARRANTIES OR CONDITIONS OF ANY KIND, either express or implied.
  ~ See the License for the specific language governing permissions and
  ~ limitations under the License.
  ~
  ~
  -->

<beans xmlns="http://www.springframework.org/schema/beans"
       xmlns:context="http://www.springframework.org/schema/context"
       xmlns:jaxrs="http://cxf.apache.org/jaxrs"
       xmlns:cxf="http://cxf.apache.org/core"
       xmlns:xsi="http://www.w3.org/2001/XMLSchema-instance"
       xsi:schemaLocation="
                        http://www.springframework.org/schema/beans http://www.springframework.org/schema/beans/spring-beans.xsd
                        http://www.springframework.org/schema/context http://www.springframework.org/schema/context/spring-context.xsd
                        http://cxf.apache.org/jaxrs http://cxf.apache.org/schemas/jaxrs.xsd
                        http://cxf.apache.org/core http://cxf.apache.org/schemas/core.xsd">

    <context:component-scan base-package="com.km2labs.expenseview"/>

    <jaxrs:server id="cxfServer" address="http://localhost:8080/expensemanager/rest/"
                  basePackages=
                          "com.km2labs.expenseview.rest.resources.expensebook,
                           com.km2labs.expenseview.rest.resources.member,
                           com.km2labs.expenseview.rest.resources.category,
                           com.km2labs.expenseview.rest.resources.expensebook,
                           com.km2labs.expenseview.rest.resources.user,
                           com.km2labs.expenseview.rest.providers,
                           com.km2labs.expenseview.rest.bindings,
                           com.km2labs.expenseview.rest.markers">
        <jaxrs:extensionMappings>
            <entry key="json" value="application/json"/>
        </jaxrs:extensionMappings>
        <jaxrs:features>
            <cxf:logging/>
        </jaxrs:features>
        <jaxrs:providers>
            <bean class="com.fasterxml.jackson.jaxrs.json.JacksonJsonProvider"/>
        </jaxrs:providers>
    </jaxrs:server>

    <bean id="restTemplate" class="org.springframework.web.client.RestTemplate"/>

</beans>